* Starting client
* Connecting to master process on port 11948
* Analyzing classpath: 
  - C:/Users/bruno/Desktop/SmallPrograms/Dice/out/production/Dice
  - C:\Program Files\Java\jdk1.8.0_121\jre\lib\charsets.jar
  - C:\Program Files\Java\jdk1.8.0_121\jre\lib\deploy.jar
  - C:\Program Files\Java\jdk1.8.0_121\jre\lib\ext\access-bridge-64.jar
  - C:\Program Files\Java\jdk1.8.0_121\jre\lib\ext\cldrdata.jar
  - C:\Program Files\Java\jdk1.8.0_121\jre\lib\ext\dnsns.jar
  - C:\Program Files\Java\jdk1.8.0_121\jre\lib\ext\jaccess.jar
  - C:\Program Files\Java\jdk1.8.0_121\jre\lib\ext\jfxrt.jar
  - C:\Program Files\Java\jdk1.8.0_121\jre\lib\ext\localedata.jar
  - C:\Program Files\Java\jdk1.8.0_121\jre\lib\ext\nashorn.jar
  - C:\Program Files\Java\jdk1.8.0_121\jre\lib\ext\sunec.jar
  - C:\Program Files\Java\jdk1.8.0_121\jre\lib\ext\sunjce_provider.jar
  - C:\Program Files\Java\jdk1.8.0_121\jre\lib\ext\sunmscapi.jar
  - C:\Program Files\Java\jdk1.8.0_121\jre\lib\ext\sunpkcs11.jar
  - C:\Program Files\Java\jdk1.8.0_121\jre\lib\ext\zipfs.jar
  - C:\Program Files\Java\jdk1.8.0_121\jre\lib\javaws.jar
  - C:\Program Files\Java\jdk1.8.0_121\jre\lib\jce.jar
  - C:\Program Files\Java\jdk1.8.0_121\jre\lib\jfr.jar
  - C:\Program Files\Java\jdk1.8.0_121\jre\lib\jfxswt.jar
  - C:\Program Files\Java\jdk1.8.0_121\jre\lib\jsse.jar
  - C:\Program Files\Java\jdk1.8.0_121\jre\lib\management-agent.jar
  - C:\Program Files\Java\jdk1.8.0_121\jre\lib\plugin.jar
  - C:\Program Files\Java\jdk1.8.0_121\jre\lib\resources.jar
  - C:\Program Files\Java\jdk1.8.0_121\jre\lib\rt.jar
  - C:\Users\bruno\Desktop\SmallPrograms\Dice\out\production\Dice
* Finished analyzing classpath
* Generating tests for class Dice
* Test criteria:
  - Line Coverage
  - Branch Coverage
  - Exception
  - Mutation testing (weak)
  - Method-Output Coverage
  - Top-Level Method Coverage
  - No-Exception Top-Level Method Coverage
  - Context Branch Coverage
* Setting up search algorithm for whole suite generation
[MASTER] 18:49:08.725 [pool-2-thread-1] WARN  TestSuiteSerialization - Cannot load tests because file does not exist: C:\Users\bruno\Desktop\SmallPrograms\Dice\.evosuite\evosuite-seeds\Dice.seed
* Total number of test goals: 
  - Line 33
  - Branch 13
  - Exception 0
  - MutationFactory 119
  - Output 0
  - Method 2
  - MethodNoException 2
  - CBranchFitnessFactory 13
* Using seed 1492480142498
* Starting evolution
* Search finished after 96s and 1038 generations, 179406 statements, best individual has fitness: 18.499999974843824
* Writing sequences to pool
* Minimizing test suite
* Going to analyze the coverage criteria
* Coverage analysis for criterion LINE
* Coverage of criterion LINE: 85%
* Total number of goals: 33
* Number of covered goals: 28
* Coverage analysis for criterion BRANCH
* Coverage of criterion BRANCH: 69%
* Total number of goals: 13
* Number of covered goals: 9
* Coverage analysis for criterion EXCEPTION
* Coverage of criterion EXCEPTION: 100%
* Total number of goals: 2
* Number of covered goals: 2
* Coverage analysis for criterion WEAKMUTATION
* Coverage of criterion WEAKMUTATION: 99%
* Total number of goals: 119
* Number of covered goals: 118
* Coverage analysis for criterion OUTPUT
* Coverage of criterion OUTPUT: 100% (no goals)
* Coverage analysis for criterion METHOD
* Coverage of criterion METHOD: 100%
* Total number of goals: 2
* Number of covered goals: 2
* Coverage analysis for criterion METHODNOEXCEPTION
* Coverage of criterion METHODNOEXCEPTION: 100%
* Total number of goals: 2
* Number of covered goals: 2
* Coverage analysis for criterion CBRANCH
* Coverage of criterion CBRANCH: 69%
* Total number of goals: 13
* Number of covered goals: 9
* Generated 5 tests with total length 9
* Resulting test suite's coverage: 90% (average coverage for all fitness functions)
* Generating assertions
* Resulting test suite's mutation score: 37%
* Compiling and checking tests
* Writing JUnit test case 'Dice_ESTest' to C:\Users\bruno\Desktop\SmallPrograms\Dice\.evosuite\tmp_2017_04_17_18_48_58\tests
* Done!

